<?xml version="1.0" encoding="UTF-8"?>
<!-- Generated by org.testng.reporters.JUnitXMLReporter -->
<testsuite hostname="LAPTOP-8PV5OBQH" ignored="0" name="FourTest" tests="1" failures="1" timestamp="2021-11-12T16:27:21 IST" time="8.374" errors="0">
  <testcase name="FourTest" time="7.848" classname="tests.FourTest">
    <failure type="java.lang.AssertionError" message="expected [true] but found [false]">
      <![CDATA[java.lang.AssertionError: expected [true] but found [false]
at tests.FourTest.FourTest(FourTest.java:26)
at java.util.ArrayList.forEach(ArrayList.java:1259)
... Removed 31 stack frames]]>
    </failure>
  </testcase> <!-- FourTest -->
</testsuite> <!-- FourTest -->
