<?xml version="1.0" encoding="UTF-8"?>
<!-- Generated by org.testng.reporters.JUnitXMLReporter -->
<testsuite hostname="LAPTOP-8PV5OBQH" ignored="0" name="LoginTest" tests="3" failures="0" timestamp="2021-11-12T16:28:08 IST" time="35.419" errors="0">
  <testcase name="LoginTest" time="11.127" classname="tests.LoginTest"/>
  <testcase name="LoginTest" time="11.263" classname="tests.LoginTest"/>
  <testcase name="LoginTest" time="1.207" classname="tests.LoginTest"/>
</testsuite> <!-- LoginTest -->
